features/login.feature:17 => Login invalid password
--------------------------------------------------------------------
Last Page: [WARNING! Browser Not Open!]
 Duration: 11.57s
  Browser: Chrome 115.0.5790.171
   Driver: chromedriver 115.0.5790.170
Timestamp: 1691804708  (Unix Timestamp)
     Date: Saturday, 12 August 2023
     Time: 4:45:08 AM  (TÃ¼rkiye Standart Saati, UTC+03:00)
--------------------------------------------------------------------
Traceback:
  Traceback (most recent call last):
  File "c:\users\burak\appdata\local\programs\python\python38\lib\site-packages\behave\model.py", line 1329, in run
    match.run(runner.context)
  File "c:\users\burak\appdata\local\programs\python\python38\lib\site-packages\behave\matchers.py", line 98, in run
    self.func(context, *args, **kwargs)
  File "features\steps\loginSteps.py", line 18, in login_with_creds
    sb.type(helpers.return_selector("Login Email"), email)
  File "c:\users\burak\appdata\local\programs\python\python38\lib\site-packages\seleniumbase\fixtures\base_case.py", line 1064, in type
    self.update_text(selector, text, by=by, timeout=timeout, retry=retry)
  File "c:\users\burak\appdata\local\programs\python\python38\lib\site-packages\seleniumbase\fixtures\base_case.py", line 883, in update_text
    element = self.wait_for_element_clickable(
  File "c:\users\burak\appdata\local\programs\python\python38\lib\site-packages\seleniumbase\fixtures\base_case.py", line 8228, in wait_for_element_clickable
    return page_actions.wait_for_element_clickable(
  File "c:\users\burak\appdata\local\programs\python\python38\lib\site-packages\seleniumbase\fixtures\page_actions.py", line 889, in wait_for_element_clickable
    timeout_exception(NoSuchElementException, message)
  File "c:\users\burak\appdata\local\programs\python\python38\lib\site-packages\seleniumbase\fixtures\page_actions.py", line 258, in timeout_exception
    raise exc(msg)
seleniumbase.common.exceptions.NoSuchElementException: Message: 
 Element {#emailOrPhone} was not present after 10 seconds!


Captured stdout:
>>> STEP FAILED:  (#3) user tries to login with "invalid password" credentials
Class / Feature:  Scenarios for the arabam.com
Test / Scenario:  Login invalid password